<?xml version="1.0" encoding="UTF-8"?>
<coverage generated="1686566526963" clover="3.2.0">
  <project timestamp="1686566526963" name="All files">
    <metrics statements="4" coveredstatements="0" conditionals="0" coveredconditionals="0" methods="2" coveredmethods="0" elements="6" coveredelements="0" complexity="0" loc="4" ncloc="4" packages="1" files="2" classes="2"/>
    <file name="firssTest.js" path="/home/cemo/Dersler/javascript/jest_test/firssTest.js">
      <metrics statements="3" coveredstatements="0" conditionals="0" coveredconditionals="0" methods="2" coveredmethods="0"/>
      <line num="2" count="0" type="stmt"/>
      <line num="6" count="0" type="stmt"/>
      <line num="9" count="0" type="stmt"/>
    </file>
    <file name="jest.config.js" path="/home/cemo/Dersler/javascript/jest_test/jest.config.js">
      <metrics statements="1" coveredstatements="0" conditionals="0" coveredconditionals="0" methods="0" coveredmethods="0"/>
      <line num="1" count="0" type="stmt"/>
    </file>
  </project>
</coverage>
